<?xml version="1.0" encoding="UTF-8"?>
<coverage generated="1558856469887" clover="3.2.0">
  <project timestamp="1558856469887" name="All files">
    <metrics statements="16" coveredstatements="16" conditionals="20" coveredconditionals="20" methods="4" coveredmethods="4" elements="40" coveredelements="40" complexity="0" loc="16" ncloc="16" packages="1" files="1" classes="1"/>
    <file name="FizzBuzz.js" path="/Users/telliex/Desktop/tdd/FizzBuzz.js">
      <metrics statements="16" coveredstatements="16" conditionals="20" coveredconditionals="20" methods="4" coveredmethods="4"/>
      <line num="3" count="5" type="cond" truecount="4" falsecount="0"/>
      <line num="4" count="1" type="stmt"/>
      <line num="6" count="4" type="cond" truecount="2" falsecount="0"/>
      <line num="7" count="1" type="stmt"/>
      <line num="9" count="3" type="cond" truecount="2" falsecount="0"/>
      <line num="10" count="1" type="stmt"/>
      <line num="12" count="2" type="stmt"/>
      <line num="16" count="8" type="cond" truecount="4" falsecount="0"/>
      <line num="17" count="1" type="stmt"/>
      <line num="20" count="7" type="cond" truecount="4" falsecount="0"/>
      <line num="21" count="3" type="stmt"/>
      <line num="24" count="4" type="cond" truecount="4" falsecount="0"/>
      <line num="25" count="3" type="stmt"/>
      <line num="27" count="1" type="stmt"/>
      <line num="31" count="8" type="stmt"/>
      <line num="34" count="35" type="stmt"/>
    </file>
  </project>
</coverage>
