{"/Users/telliex/Desktop/tdd/FizzBuzz.js": {"path":"/Users/telliex/Desktop/tdd/FizzBuzz.js","statementMap":{"0":{"start":{"line":3,"column":4},"end":{"line":5,"column":5}},"1":{"start":{"line":4,"column":6},"end":{"line":4,"column":24}},"2":{"start":{"line":6,"column":4},"end":{"line":8,"column":5}},"3":{"start":{"line":7,"column":6},"end":{"line":7,"column":20}},"4":{"start":{"line":9,"column":4},"end":{"line":11,"column":5}},"5":{"start":{"line":10,"column":6},"end":{"line":10,"column":20}},"6":{"start":{"line":12,"column":4},"end":{"line":12,"column":28}},"7":{"start":{"line":16,"column":4},"end":{"line":18,"column":5}},"8":{"start":{"line":17,"column":6},"end":{"line":17,"column":24}},"9":{"start":{"line":20,"column":4},"end":{"line":22,"column":5}},"10":{"start":{"line":21,"column":6},"end":{"line":21,"column":20}},"11":{"start":{"line":24,"column":4},"end":{"line":26,"column":5}},"12":{"start":{"line":25,"column":6},"end":{"line":25,"column":19}},"13":{"start":{"line":27,"column":4},"end":{"line":27,"column":28}},"14":{"start":{"line":31,"column":4},"end":{"line":31,"column":45}},"15":{"start":{"line":34,"column":4},"end":{"line":34,"column":30}}},"fnMap":{"0":{"name":"(anonymous_0)","decl":{"start":{"line":2,"column":2},"end":{"line":2,"column":3}},"loc":{"start":{"line":2,"column":32},"end":{"line":13,"column":3}},"line":2},"1":{"name":"(anonymous_1)","decl":{"start":{"line":15,"column":2},"end":{"line":15,"column":3}},"loc":{"start":{"line":15,"column":42},"end":{"line":28,"column":3}},"line":15},"2":{"name":"(anonymous_2)","decl":{"start":{"line":30,"column":2},"end":{"line":30,"column":3}},"loc":{"start":{"line":30,"column":25},"end":{"line":32,"column":3}},"line":30},"3":{"name":"(anonymous_3)","decl":{"start":{"line":33,"column":2},"end":{"line":33,"column":3}},"loc":{"start":{"line":33,"column":25},"end":{"line":35,"column":3}},"line":33}},"branchMap":{"0":{"loc":{"start":{"line":3,"column":4},"end":{"line":5,"column":5}},"type":"if","locations":[{"start":{"line":3,"column":4},"end":{"line":5,"column":5}},{"start":{"line":3,"column":4},"end":{"line":5,"column":5}}],"line":3},"1":{"loc":{"start":{"line":3,"column":7},"end":{"line":3,"column":63}},"type":"binary-expr","locations":[{"start":{"line":3,"column":7},"end":{"line":3,"column":33}},{"start":{"line":3,"column":37},"end":{"line":3,"column":63}}],"line":3},"2":{"loc":{"start":{"line":6,"column":4},"end":{"line":8,"column":5}},"type":"if","locations":[{"start":{"line":6,"column":4},"end":{"line":8,"column":5}},{"start":{"line":6,"column":4},"end":{"line":8,"column":5}}],"line":6},"3":{"loc":{"start":{"line":9,"column":4},"end":{"line":11,"column":5}},"type":"if","locations":[{"start":{"line":9,"column":4},"end":{"line":11,"column":5}},{"start":{"line":9,"column":4},"end":{"line":11,"column":5}}],"line":9},"4":{"loc":{"start":{"line":16,"column":4},"end":{"line":18,"column":5}},"type":"if","locations":[{"start":{"line":16,"column":4},"end":{"line":18,"column":5}},{"start":{"line":16,"column":4},"end":{"line":18,"column":5}}],"line":16},"5":{"loc":{"start":{"line":16,"column":7},"end":{"line":16,"column":63}},"type":"binary-expr","locations":[{"start":{"line":16,"column":7},"end":{"line":16,"column":33}},{"start":{"line":16,"column":37},"end":{"line":16,"column":63}}],"line":16},"6":{"loc":{"start":{"line":20,"column":4},"end":{"line":22,"column":5}},"type":"if","locations":[{"start":{"line":20,"column":4},"end":{"line":22,"column":5}},{"start":{"line":20,"column":4},"end":{"line":22,"column":5}}],"line":20},"7":{"loc":{"start":{"line":20,"column":7},"end":{"line":20,"column":71}},"type":"binary-expr","locations":[{"start":{"line":20,"column":7},"end":{"line":20,"column":33}},{"start":{"line":20,"column":37},"end":{"line":20,"column":71}}],"line":20},"8":{"loc":{"start":{"line":24,"column":4},"end":{"line":26,"column":5}},"type":"if","locations":[{"start":{"line":24,"column":4},"end":{"line":26,"column":5}},{"start":{"line":24,"column":4},"end":{"line":26,"column":5}}],"line":24},"9":{"loc":{"start":{"line":24,"column":7},"end":{"line":24,"column":71}},"type":"binary-expr","locations":[{"start":{"line":24,"column":7},"end":{"line":24,"column":33}},{"start":{"line":24,"column":37},"end":{"line":24,"column":71}}],"line":24}},"s":{"0":5,"1":1,"2":4,"3":1,"4":3,"5":1,"6":2,"7":8,"8":1,"9":7,"10":3,"11":4,"12":3,"13":1,"14":8,"15":35},"f":{"0":5,"1":8,"2":8,"3":35},"b":{"0":[1,4],"1":[5,2],"2":[1,3],"3":[1,2],"4":[1,7],"5":[8,2],"6":[3,4],"7":[7,6],"8":[3,1],"9":[4,2]},"_coverageSchema":"43e27e138ebf9cfc5966b082cf9a028302ed4184","hash":"ee7a8f912e6f7439dabee037ef15d3137291f3f5"}
}
