TN:
SF:/Users/telliex/Desktop/tdd/FizzBuzz.js
FN:2,(anonymous_0)
FN:15,(anonymous_1)
FN:30,(anonymous_2)
FN:33,(anonymous_3)
FNF:4
FNH:4
FNDA:5,(anonymous_0)
FNDA:8,(anonymous_1)
FNDA:8,(anonymous_2)
FNDA:35,(anonymous_3)
DA:3,5
DA:4,1
DA:6,4
DA:7,1
DA:9,3
DA:10,1
DA:12,2
DA:16,8
DA:17,1
DA:20,7
DA:21,3
DA:24,4
DA:25,3
DA:27,1
DA:31,8
DA:34,35
LF:16
LH:16
BRDA:3,0,0,1
BRDA:3,0,1,4
BRDA:3,1,0,5
BRDA:3,1,1,2
BRDA:6,2,0,1
BRDA:6,2,1,3
BRDA:9,3,0,1
BRDA:9,3,1,2
BRDA:16,4,0,1
BRDA:16,4,1,7
BRDA:16,5,0,8
BRDA:16,5,1,2
BRDA:20,6,0,3
BRDA:20,6,1,4
BRDA:20,7,0,7
BRDA:20,7,1,6
BRDA:24,8,0,3
BRDA:24,8,1,1
BRDA:24,9,0,4
BRDA:24,9,1,2
BRF:20
BRH:20
end_of_record
